<?xml version="1.0" encoding="UTF-8"?>
<testng-results ignored="0" total="2" passed="2" failed="0" skipped="0">
  <reporter-output>
  </reporter-output>
  <suite started-at="2024-03-19T09:00:53 EDT" name="Suite" finished-at="2024-03-19T09:01:02 EDT" duration-ms="8479">
    <groups>
    </groups>
    <test started-at="2024-03-19T09:00:53 EDT" name="Test" finished-at="2024-03-19T09:01:02 EDT" duration-ms="8479">
      <class name="com.ITLearn.test.SearchTest">
        <test-method is-config="true" signature="setup()[pri:0, instance:com.ITLearn.test.SearchTest@26d9b808]" started-at="2024-03-19T09:00:54 EDT" name="setup" finished-at="2024-03-19T09:00:58 EDT" duration-ms="3689" status="PASS">
          <reporter-output>
          </reporter-output>
        </test-method> <!-- setup -->
        <test-method signature="verify()[pri:0, instance:com.ITLearn.test.SearchTest@26d9b808]" started-at="2024-03-19T09:00:58 EDT" name="verify" finished-at="2024-03-19T09:01:01 EDT" duration-ms="3017" status="PASS">
          <reporter-output>
          </reporter-output>
        </test-method> <!-- verify -->
        <test-method signature="coreSearch()[pri:0, instance:com.ITLearn.test.SearchTest@26d9b808]" started-at="2024-03-19T09:01:01 EDT" name="coreSearch" finished-at="2024-03-19T09:01:01 EDT" depends-on-methods="com.ITLearn.test.SearchTest.verify" duration-ms="752" status="PASS">
          <reporter-output>
          </reporter-output>
        </test-method> <!-- coreSearch -->
        <test-method is-config="true" signature="tearDown()[pri:0, instance:com.ITLearn.test.SearchTest@26d9b808]" started-at="2024-03-19T09:01:01 EDT" name="tearDown" finished-at="2024-03-19T09:01:02 EDT" duration-ms="327" status="PASS">
          <reporter-output>
          </reporter-output>
        </test-method> <!-- tearDown -->
      </class> <!-- com.ITLearn.test.SearchTest -->
    </test> <!-- Test -->
  </suite> <!-- Suite -->
</testng-results>
